D:\ARIELL\IMAGEPROCESSINGCONTROLAPP\IMAGEPROCESSINGCONTROLAPP\FRAMEGRAPPBERLIB\DEBUG\FGINTERFACE.OBJ
D:\ARIELL\IMAGEPROCESSINGCONTROLAPP\IMAGEPROCESSINGCONTROLAPP\FRAMEGRAPPBERLIB\DEBUG\FRAMEGRABBER.OBJ
D:\ARIELL\IMAGEPROCESSINGCONTROLAPP\IMAGEPROCESSINGCONTROLAPP\FRAMEGRAPPBERLIB\DEBUG\VC110.PDB
D:\ArielL\ImageProcessingControlApp\ImageProcessingControlApp\ImageProcessingControlApp\bin\Debug\FrameGrappberLib.lib
D:\ArielL\ImageProcessingControlApp\ImageProcessingControlApp\ImageProcessingControlApp\bin\Debug\FrameGrappberLib.exp
D:\ARIELL\IMAGEPROCESSINGCONTROLAPP\IMAGEPROCESSINGCONTROLAPP\IMAGEPROCESSINGCONTROLAPP\BIN\DEBUG\FRAMEGRAPPBERLIB.ILK
D:\ARIELL\IMAGEPROCESSINGCONTROLAPP\IMAGEPROCESSINGCONTROLAPP\IMAGEPROCESSINGCONTROLAPP\BIN\DEBUG\FRAMEGRAPPBERLIB.DLL
D:\ARIELL\IMAGEPROCESSINGCONTROLAPP\IMAGEPROCESSINGCONTROLAPP\IMAGEPROCESSINGCONTROLAPP\BIN\DEBUG\FRAMEGRAPPBERLIB.PDB
D:\ArielL\ImageProcessingControlApp\ImageProcessingControlApp\FrameGrappberLib\Debug\FGInterface.obj
D:\ArielL\ImageProcessingControlApp\ImageProcessingControlApp\FrameGrappberLib\Debug\FrameGrabber.obj
D:\ArielL\ImageProcessingControlApp\ImageProcessingControlApp\FrameGrappberLib\Debug\cl.command.1.tlog
D:\ArielL\ImageProcessingControlApp\ImageProcessingControlApp\FrameGrappberLib\Debug\CL.read.1.tlog
D:\ArielL\ImageProcessingControlApp\ImageProcessingControlApp\FrameGrappberLib\Debug\CL.write.1.tlog
D:\ArielL\ImageProcessingControlApp\ImageProcessingControlApp\FrameGrappberLib\Debug\FrameGrappberLib.write.1.tlog
D:\ArielL\ImageProcessingControlApp\ImageProcessingControlApp\FrameGrappberLib\Debug\link-cvtres.read.1.tlog
D:\ArielL\ImageProcessingControlApp\ImageProcessingControlApp\FrameGrappberLib\Debug\link-cvtres.write.1.tlog
D:\ArielL\ImageProcessingControlApp\ImageProcessingControlApp\FrameGrappberLib\Debug\link-rc.read.1.tlog
D:\ArielL\ImageProcessingControlApp\ImageProcessingControlApp\FrameGrappberLib\Debug\link-rc.write.1.tlog
D:\ArielL\ImageProcessingControlApp\ImageProcessingControlApp\FrameGrappberLib\Debug\link.command.1.tlog
D:\ArielL\ImageProcessingControlApp\ImageProcessingControlApp\FrameGrappberLib\Debug\link.read.1.tlog
D:\ArielL\ImageProcessingControlApp\ImageProcessingControlApp\FrameGrappberLib\Debug\link.write.1.tlog
D:\ArielL\ImageProcessingControlApp\ImageProcessingControlApp\FrameGrappberLib\Debug\vc110.idb
D:\ArielL\ImageProcessingControlApp\ImageProcessingControlApp\FrameGrappberLib\Debug\vc110.pdb
D:\ArielL\ImageProcessingControlApp\ImageProcessingControlApp\FrameGrappberLib\..\ImageProcessingControlApp\bin\Debug\FrameGrappberLib.dll
