D:\ARIELL\IMAGEPROCESSINGCONTROLAPP\IMAGEPROCESSINGCONTROLAPP\IMAGEPROCESSINGLIB\DEBUG\IPINTERFACE.OBJ
D:\ARIELL\IMAGEPROCESSINGCONTROLAPP\IMAGEPROCESSINGCONTROLAPP\IMAGEPROCESSINGLIB\DEBUG\VC110.PDB
D:\ArielL\ImageProcessingControlApp\ImageProcessingControlApp\ImageProcessingControlApp\bin\Debug\ImageProcessingLib.lib
D:\ArielL\ImageProcessingControlApp\ImageProcessingControlApp\ImageProcessingControlApp\bin\Debug\ImageProcessingLib.exp
D:\ARIELL\IMAGEPROCESSINGCONTROLAPP\IMAGEPROCESSINGCONTROLAPP\IMAGEPROCESSINGCONTROLAPP\BIN\DEBUG\IMAGEPROCESSINGLIB.ILK
D:\ARIELL\IMAGEPROCESSINGCONTROLAPP\IMAGEPROCESSINGCONTROLAPP\IMAGEPROCESSINGCONTROLAPP\BIN\DEBUG\IMAGEPROCESSINGLIB.DLL
D:\ARIELL\IMAGEPROCESSINGCONTROLAPP\IMAGEPROCESSINGCONTROLAPP\IMAGEPROCESSINGCONTROLAPP\BIN\DEBUG\IMAGEPROCESSINGLIB.PDB
D:\ArielL\ImageProcessingControlApp\ImageProcessingControlApp\ImageProcessingLib\Debug\IPInterface.obj
D:\ArielL\ImageProcessingControlApp\ImageProcessingControlApp\ImageProcessingLib\Debug\cl.command.1.tlog
D:\ArielL\ImageProcessingControlApp\ImageProcessingControlApp\ImageProcessingLib\Debug\CL.read.1.tlog
D:\ArielL\ImageProcessingControlApp\ImageProcessingControlApp\ImageProcessingLib\Debug\CL.write.1.tlog
D:\ArielL\ImageProcessingControlApp\ImageProcessingControlApp\ImageProcessingLib\Debug\ImageProcessingLib.write.1.tlog
D:\ArielL\ImageProcessingControlApp\ImageProcessingControlApp\ImageProcessingLib\Debug\link-cvtres.read.1.tlog
D:\ArielL\ImageProcessingControlApp\ImageProcessingControlApp\ImageProcessingLib\Debug\link-cvtres.write.1.tlog
D:\ArielL\ImageProcessingControlApp\ImageProcessingControlApp\ImageProcessingLib\Debug\link-rc.read.1.tlog
D:\ArielL\ImageProcessingControlApp\ImageProcessingControlApp\ImageProcessingLib\Debug\link-rc.write.1.tlog
D:\ArielL\ImageProcessingControlApp\ImageProcessingControlApp\ImageProcessingLib\Debug\link.command.1.tlog
D:\ArielL\ImageProcessingControlApp\ImageProcessingControlApp\ImageProcessingLib\Debug\link.read.1.tlog
D:\ArielL\ImageProcessingControlApp\ImageProcessingControlApp\ImageProcessingLib\Debug\link.write.1.tlog
D:\ArielL\ImageProcessingControlApp\ImageProcessingControlApp\ImageProcessingLib\Debug\vc110.idb
D:\ArielL\ImageProcessingControlApp\ImageProcessingControlApp\ImageProcessingLib\Debug\vc110.pdb
D:\ArielL\ImageProcessingControlApp\ImageProcessingControlApp\ImageProcessingLib\..\ImageProcessingControlApp\bin\Debug\ImageProcessingLib.dll
