D:\ARIELL\IMAGEPROCESSINGCONTROLAPP\IMAGEPROCESSINGCONTROLAPP\FRAMEGRAPPBERLIB\DEBUG\FGINTERFACE.OBJ
D:\ARIELL\IMAGEPROCESSINGCONTROLAPP\IMAGEPROCESSINGCONTROLAPP\FRAMEGRAPPBERLIB\DEBUG\FRAMEGRABBER.OBJ
D:\ARIELL\IMAGEPROCESSINGCONTROLAPP\IMAGEPROCESSINGCONTROLAPP\FRAMEGRAPPBERLIB\DEBUG\VC110.PDB
D:\ArielL\ImageProcessingControlApp\ImageProcessingControlApp\Debug\FrameGrappberLib.lib
D:\ArielL\ImageProcessingControlApp\ImageProcessingControlApp\Debug\FrameGrappberLib.exp
D:\ArielL\ImageProcessingControlApp\ImageProcessingControlApp\ImageProcessingControlApp\bin\Debug\FrameGrappberLib.lib
D:\ArielL\ImageProcessingControlApp\ImageProcessingControlApp\ImageProcessingControlApp\bin\Debug\FrameGrappberLib.exp
D:\ARIELL\IMAGEPROCESSINGCONTROLAPP\IMAGEPROCESSINGCONTROLAPP\DEBUG\FRAMEGRAPPBERLIB.ILK
D:\ARIELL\IMAGEPROCESSINGCONTROLAPP\IMAGEPROCESSINGCONTROLAPP\DEBUG\FRAMEGRAPPBERLIB.DLL
D:\ARIELL\IMAGEPROCESSINGCONTROLAPP\IMAGEPROCESSINGCONTROLAPP\DEBUG\FRAMEGRAPPBERLIB.PDB
D:\ARIELL\IMAGEPROCESSINGCONTROLAPP\IMAGEPROCESSINGCONTROLAPP\IMAGEPROCESSINGCONTROLAPP\BIN\DEBUG\FRAMEGRAPPBERLIB.ILK
D:\ARIELL\IMAGEPROCESSINGCONTROLAPP\IMAGEPROCESSINGCONTROLAPP\IMAGEPROCESSINGCONTROLAPP\BIN\DEBUG\FRAMEGRAPPBERLIB.DLL
D:\ARIELL\IMAGEPROCESSINGCONTROLAPP\IMAGEPROCESSINGCONTROLAPP\IMAGEPROCESSINGCONTROLAPP\BIN\DEBUG\FRAMEGRAPPBERLIB.PDB
D:\ArielL\ImageProcessingControlApp\ImageProcessingControlApp\FrameGrappberLib\Debug\FGInterface.obj
D:\ArielL\ImageProcessingControlApp\ImageProcessingControlApp\FrameGrappberLib\Debug\FrameGrabber.obj
D:\ArielL\ImageProcessingControlApp\ImageProcessingControlApp\FrameGrappberLib\Debug\cl.command.1.tlog
D:\ArielL\ImageProcessingControlApp\ImageProcessingControlApp\FrameGrappberLib\Debug\CL.read.1.tlog
D:\ArielL\ImageProcessingControlApp\ImageProcessingControlApp\FrameGrappberLib\Debug\CL.write.1.tlog
D:\ArielL\ImageProcessingControlApp\ImageProcessingControlApp\FrameGrappberLib\Debug\FrameGrappberLib.write.1.tlog
D:\ArielL\ImageProcessingControlApp\ImageProcessingControlApp\FrameGrappberLib\Debug\link-cvtres.read.1.tlog
D:\ArielL\ImageProcessingControlApp\ImageProcessingControlApp\FrameGrappberLib\Debug\link-cvtres.write.1.tlog
D:\ArielL\ImageProcessingControlApp\ImageProcessingControlApp\FrameGrappberLib\Debug\link-rc.read.1.tlog
D:\ArielL\ImageProcessingControlApp\ImageProcessingControlApp\FrameGrappberLib\Debug\link-rc.write.1.tlog
D:\ArielL\ImageProcessingControlApp\ImageProcessingControlApp\FrameGrappberLib\Debug\link.7708-cvtres.read.1.tlog
D:\ArielL\ImageProcessingControlApp\ImageProcessingControlApp\FrameGrappberLib\Debug\link.7708-cvtres.write.1.tlog
D:\ArielL\ImageProcessingControlApp\ImageProcessingControlApp\FrameGrappberLib\Debug\link.7708-rc.read.1.tlog
D:\ArielL\ImageProcessingControlApp\ImageProcessingControlApp\FrameGrappberLib\Debug\link.7708-rc.write.1.tlog
D:\ArielL\ImageProcessingControlApp\ImageProcessingControlApp\FrameGrappberLib\Debug\link.7708.read.1.tlog
D:\ArielL\ImageProcessingControlApp\ImageProcessingControlApp\FrameGrappberLib\Debug\link.7708.write.1.tlog
D:\ArielL\ImageProcessingControlApp\ImageProcessingControlApp\FrameGrappberLib\Debug\link.8376-cvtres.read.1.tlog
D:\ArielL\ImageProcessingControlApp\ImageProcessingControlApp\FrameGrappberLib\Debug\link.8376-cvtres.write.1.tlog
D:\ArielL\ImageProcessingControlApp\ImageProcessingControlApp\FrameGrappberLib\Debug\link.8376-rc.read.1.tlog
D:\ArielL\ImageProcessingControlApp\ImageProcessingControlApp\FrameGrappberLib\Debug\link.8376-rc.write.1.tlog
D:\ArielL\ImageProcessingControlApp\ImageProcessingControlApp\FrameGrappberLib\Debug\link.8376.read.1.tlog
D:\ArielL\ImageProcessingControlApp\ImageProcessingControlApp\FrameGrappberLib\Debug\link.8376.write.1.tlog
D:\ArielL\ImageProcessingControlApp\ImageProcessingControlApp\FrameGrappberLib\Debug\link.8504-cvtres.read.1.tlog
D:\ArielL\ImageProcessingControlApp\ImageProcessingControlApp\FrameGrappberLib\Debug\link.8504-cvtres.write.1.tlog
D:\ArielL\ImageProcessingControlApp\ImageProcessingControlApp\FrameGrappberLib\Debug\link.8504-rc.read.1.tlog
D:\ArielL\ImageProcessingControlApp\ImageProcessingControlApp\FrameGrappberLib\Debug\link.8504-rc.write.1.tlog
D:\ArielL\ImageProcessingControlApp\ImageProcessingControlApp\FrameGrappberLib\Debug\link.8504.read.1.tlog
D:\ArielL\ImageProcessingControlApp\ImageProcessingControlApp\FrameGrappberLib\Debug\link.8504.write.1.tlog
D:\ArielL\ImageProcessingControlApp\ImageProcessingControlApp\FrameGrappberLib\Debug\link.command.1.tlog
D:\ArielL\ImageProcessingControlApp\ImageProcessingControlApp\FrameGrappberLib\Debug\link.read.1.tlog
D:\ArielL\ImageProcessingControlApp\ImageProcessingControlApp\FrameGrappberLib\Debug\link.write.1.tlog
D:\ArielL\ImageProcessingControlApp\ImageProcessingControlApp\FrameGrappberLib\Debug\vc110.idb
D:\ArielL\ImageProcessingControlApp\ImageProcessingControlApp\FrameGrappberLib\Debug\vc110.pdb
D:\ArielL\ImageProcessingControlApp\ImageProcessingControlApp\FrameGrappberLib\..\ImageProcessingControlApp\bin\Debug\FrameGrappberLib.dll
